[0m2021.12.23 19:55:00 INFO  Started: Metals version 0.10.9 in workspace 'C:\Code\MyScala\hello-scala3' for client Visual Studio Code 1.56.2.[0m
[0m2021.12.23 19:55:03 INFO  time: initialize in 2.4s[0m
[0m2021.12.23 19:55:03 WARN  Build server is not auto-connectable.[0m
[0m2021.12.23 19:55:03 WARN  no build tool detected in workspace 'C:\Code\MyScala\hello-scala3'. The most common cause for this problem is that the editor was opened in the wrong working directory, for example if you use sbt then the workspace directory should contain build.sbt. [0m
[0m2021.12.23 19:55:03 WARN  no build target for: C:\Code\MyScala\hello-scala3\HelloScala3.scala[0m
[0m2021.12.23 19:55:10 INFO  no build target: using presentation compiler with only scala-library: 3.1.0[0m
[0m2021.12.23 19:55:14 WARN  no build target for: C:\Code\MyScala\hello-scala3\HelloScala3.scala[0m
Dec 23, 2021 7:55:14 PM org.eclipse.lsp4j.jsonrpc.RemoteEndpoint handleCancellation
WARNING: Unmatched cancel notification for request id 5
[0m2021.12.23 19:55:15 INFO  time: code lens generation in 11s[0m
[0m2021.12.23 19:55:15 INFO  time: code lens generation in 1.54s[0m
Dec 23, 2021 7:55:59 PM org.eclipse.lsp4j.jsonrpc.services.GenericEndpoint notify
INFO: Unsupported notification method: $/setTrace
Dec 23, 2021 7:56:16 PM org.eclipse.lsp4j.jsonrpc.RemoteEndpoint fallbackResponseError
SEVERE: Internal error: java.lang.ClassNotFoundException: 
java.util.concurrent.CompletionException: java.lang.ClassNotFoundException: 
	at java.base/java.util.concurrent.CompletableFuture.encodeThrowable(CompletableFuture.java:331)
	at java.base/java.util.concurrent.CompletableFuture.completeThrowable(CompletableFuture.java:346)
	at java.base/java.util.concurrent.CompletableFuture$UniAccept.tryFire(CompletableFuture.java:704)
	at java.base/java.util.concurrent.CompletableFuture.postComplete(CompletableFuture.java:506)
	at java.base/java.util.concurrent.CompletableFuture.completeExceptionally(CompletableFuture.java:2158)
	at scala.concurrent.java8.FuturesConvertersImpl$CF.apply(FutureConvertersImpl.scala:29)
	at scala.concurrent.java8.FuturesConvertersImpl$CF.apply(FutureConvertersImpl.scala:26)
	at scala.concurrent.impl.CallbackRunnable.run(Promise.scala:64)
	at scala.concurrent.BatchingExecutor$Batch.processBatch$1(BatchingExecutor.scala:67)
	at scala.concurrent.BatchingExecutor$Batch.$anonfun$run$1(BatchingExecutor.scala:82)
	at scala.runtime.java8.JFunction0$mcV$sp.apply(JFunction0$mcV$sp.java:23)
	at scala.concurrent.BlockContext$.withBlockContext(BlockContext.scala:85)
	at scala.concurrent.BatchingExecutor$Batch.run(BatchingExecutor.scala:59)
	at scala.concurrent.Future$InternalCallbackExecutor$.unbatchedExecute(Future.scala:875)
	at scala.concurrent.BatchingExecutor.execute(BatchingExecutor.scala:110)
	at scala.concurrent.BatchingExecutor.execute$(BatchingExecutor.scala:107)
	at scala.concurrent.Future$InternalCallbackExecutor$.execute(Future.scala:873)
	at scala.concurrent.impl.CallbackRunnable.executeWithValue(Promise.scala:72)
	at scala.concurrent.impl.Promise$DefaultPromise.$anonfun$tryComplete$1(Promise.scala:288)
	at scala.concurrent.impl.Promise$DefaultPromise.$anonfun$tryComplete$1$adapted(Promise.scala:288)
	at scala.concurrent.impl.Promise$DefaultPromise.tryComplete(Promise.scala:288)
	at scala.concurrent.Promise.complete(Promise.scala:53)
	at scala.concurrent.Promise.complete$(Promise.scala:52)
	at scala.concurrent.impl.Promise$DefaultPromise.complete(Promise.scala:187)
	at scala.concurrent.impl.Promise.$anonfun$transformWith$1(Promise.scala:42)
	at scala.concurrent.impl.CallbackRunnable.run(Promise.scala:64)
	at java.base/java.util.concurrent.ThreadPoolExecutor.runWorker(ThreadPoolExecutor.java:1130)
	at java.base/java.util.concurrent.ThreadPoolExecutor$Worker.run(ThreadPoolExecutor.java:630)
	at java.base/java.lang.Thread.run(Thread.java:831)
Caused by: java.lang.ClassNotFoundException: 
	at scala.meta.internal.metals.debug.BuildTargetClassesFinder.$anonfun$findClassAndBuildTarget$1(BuildTargetClassesFinder.scala:107)
	at scala.Option.fold(Option.scala:251)
	at scala.meta.internal.metals.debug.BuildTargetClassesFinder.findClassAndBuildTarget(BuildTargetClassesFinder.scala:108)
	at scala.meta.internal.metals.debug.BuildTargetClassesFinder.findMainClassAndItsBuildTarget(BuildTargetClassesFinder.scala:36)
	at scala.meta.internal.metals.debug.DebugProvider.$anonfun$resolveMainClassParams$1(DebugProvider.scala:355)
	at scala.meta.internal.metals.debug.DebugProvider$$anonfun$withRebuildRetry$1.$anonfun$applyOrElse$5(DebugProvider.scala:584)
	at scala.concurrent.Future.$anonfun$flatMap$1(Future.scala:307)
	at scala.concurrent.impl.Promise.$anonfun$transformWith$1(Promise.scala:41)
	... 4 more

Dec 23, 2021 7:56:19 PM org.eclipse.lsp4j.jsonrpc.RemoteEndpoint handleCancellation
WARNING: Unmatched cancel notification for request id 23
[0m2021.12.23 19:56:32 WARN  no build target for: C:\Code\MyScala\hello-scala3\HelloScala3.scala[0m
Dec 23, 2021 7:57:00 PM org.eclipse.lsp4j.jsonrpc.RemoteEndpoint fallbackResponseError
SEVERE: Internal error: java.lang.ClassNotFoundException: 
java.util.concurrent.CompletionException: java.lang.ClassNotFoundException: 
	at java.base/java.util.concurrent.CompletableFuture.encodeThrowable(CompletableFuture.java:331)
	at java.base/java.util.concurrent.CompletableFuture.completeThrowable(CompletableFuture.java:346)
	at java.base/java.util.concurrent.CompletableFuture$UniAccept.tryFire(CompletableFuture.java:704)
	at java.base/java.util.concurrent.CompletableFuture.postComplete(CompletableFuture.java:506)
	at java.base/java.util.concurrent.CompletableFuture.completeExceptionally(CompletableFuture.java:2158)
	at scala.concurrent.java8.FuturesConvertersImpl$CF.apply(FutureConvertersImpl.scala:29)
	at scala.concurrent.java8.FuturesConvertersImpl$CF.apply(FutureConvertersImpl.scala:26)
	at scala.concurrent.impl.CallbackRunnable.run(Promise.scala:64)
	at scala.concurrent.BatchingExecutor$Batch.processBatch$1(BatchingExecutor.scala:67)
	at scala.concurrent.BatchingExecutor$Batch.$anonfun$run$1(BatchingExecutor.scala:82)
	at scala.runtime.java8.JFunction0$mcV$sp.apply(JFunction0$mcV$sp.java:23)
	at scala.concurrent.BlockContext$.withBlockContext(BlockContext.scala:85)
	at scala.concurrent.BatchingExecutor$Batch.run(BatchingExecutor.scala:59)
	at scala.concurrent.Future$InternalCallbackExecutor$.unbatchedExecute(Future.scala:875)
	at scala.concurrent.BatchingExecutor.execute(BatchingExecutor.scala:110)
	at scala.concurrent.BatchingExecutor.execute$(BatchingExecutor.scala:107)
	at scala.concurrent.Future$InternalCallbackExecutor$.execute(Future.scala:873)
	at scala.concurrent.impl.CallbackRunnable.executeWithValue(Promise.scala:72)
	at scala.concurrent.impl.Promise$DefaultPromise.$anonfun$tryComplete$1(Promise.scala:288)
	at scala.concurrent.impl.Promise$DefaultPromise.$anonfun$tryComplete$1$adapted(Promise.scala:288)
	at scala.concurrent.impl.Promise$DefaultPromise.tryComplete(Promise.scala:288)
	at scala.concurrent.Promise.complete(Promise.scala:53)
	at scala.concurrent.Promise.complete$(Promise.scala:52)
	at scala.concurrent.impl.Promise$DefaultPromise.complete(Promise.scala:187)
	at scala.concurrent.impl.Promise.$anonfun$transformWith$1(Promise.scala:42)
	at scala.concurrent.impl.CallbackRunnable.run(Promise.scala:64)
	at java.base/java.util.concurrent.ThreadPoolExecutor.runWorker(ThreadPoolExecutor.java:1130)
	at java.base/java.util.concurrent.ThreadPoolExecutor$Worker.run(ThreadPoolExecutor.java:630)
	at java.base/java.lang.Thread.run(Thread.java:831)
Caused by: java.lang.ClassNotFoundException: 
	at scala.meta.internal.metals.debug.BuildTargetClassesFinder.$anonfun$findClassAndBuildTarget$1(BuildTargetClassesFinder.scala:107)
	at scala.Option.fold(Option.scala:251)
	at scala.meta.internal.metals.debug.BuildTargetClassesFinder.findClassAndBuildTarget(BuildTargetClassesFinder.scala:108)
	at scala.meta.internal.metals.debug.BuildTargetClassesFinder.findMainClassAndItsBuildTarget(BuildTargetClassesFinder.scala:36)
	at scala.meta.internal.metals.debug.DebugProvider.$anonfun$resolveMainClassParams$1(DebugProvider.scala:355)
	at scala.meta.internal.metals.debug.DebugProvider$$anonfun$withRebuildRetry$1.$anonfun$applyOrElse$5(DebugProvider.scala:584)
	at scala.concurrent.Future.$anonfun$flatMap$1(Future.scala:307)
	at scala.concurrent.impl.Promise.$anonfun$transformWith$1(Promise.scala:41)
	... 4 more

Dec 23, 2021 7:57:02 PM org.eclipse.lsp4j.jsonrpc.RemoteEndpoint handleCancellation
WARNING: Unmatched cancel notification for request id 30
[0m2021.12.23 19:57:11 WARN  no build target for: C:\Code\MyScala\hello-scala3\HelloScala3.scala[0m
[0m2021.12.23 19:57:29 INFO  shutting down Metals[0m
[0m2021.12.24 06:56:54 INFO  Started: Metals version 0.10.9 in workspace 'C:\Code\MyScala\hello-scala3' for client Visual Studio Code 1.56.2.[0m
[0m2021.12.24 06:56:56 INFO  time: initialize in 1.83s[0m
[0m2021.12.24 06:56:57 WARN  Build server is not auto-connectable.[0m
[0m2021.12.24 06:56:57 WARN  no build tool detected in workspace 'C:\Code\MyScala\hello-scala3'. The most common cause for this problem is that the editor was opened in the wrong working directory, for example if you use sbt then the workspace directory should contain build.sbt. [0m
[0m2021.12.24 06:56:57 WARN  no build target for: C:\Code\MyScala\hello-scala3\HelloScala3.scala[0m
Dec 24, 2021 6:56:58 AM org.eclipse.lsp4j.jsonrpc.RemoteEndpoint fallbackResponseError
SEVERE: Internal error: java.lang.ClassNotFoundException: 
java.util.concurrent.CompletionException: java.lang.ClassNotFoundException: 
	at java.base/java.util.concurrent.CompletableFuture.encodeThrowable(CompletableFuture.java:331)
	at java.base/java.util.concurrent.CompletableFuture.completeThrowable(CompletableFuture.java:346)
	at java.base/java.util.concurrent.CompletableFuture$UniAccept.tryFire(CompletableFuture.java:704)
	at java.base/java.util.concurrent.CompletableFuture.postComplete(CompletableFuture.java:506)
	at java.base/java.util.concurrent.CompletableFuture.completeExceptionally(CompletableFuture.java:2158)
	at scala.concurrent.java8.FuturesConvertersImpl$CF.apply(FutureConvertersImpl.scala:29)
	at scala.concurrent.java8.FuturesConvertersImpl$CF.apply(FutureConvertersImpl.scala:26)
	at scala.concurrent.impl.CallbackRunnable.run(Promise.scala:64)
	at scala.concurrent.BatchingExecutor$Batch.processBatch$1(BatchingExecutor.scala:67)
	at scala.concurrent.BatchingExecutor$Batch.$anonfun$run$1(BatchingExecutor.scala:82)
	at scala.runtime.java8.JFunction0$mcV$sp.apply(JFunction0$mcV$sp.java:23)
	at scala.concurrent.BlockContext$.withBlockContext(BlockContext.scala:85)
	at scala.concurrent.BatchingExecutor$Batch.run(BatchingExecutor.scala:59)
	at scala.concurrent.Future$InternalCallbackExecutor$.unbatchedExecute(Future.scala:875)
	at scala.concurrent.BatchingExecutor.execute(BatchingExecutor.scala:110)
	at scala.concurrent.BatchingExecutor.execute$(BatchingExecutor.scala:107)
	at scala.concurrent.Future$InternalCallbackExecutor$.execute(Future.scala:873)
	at scala.concurrent.impl.CallbackRunnable.executeWithValue(Promise.scala:72)
	at scala.concurrent.impl.Promise$DefaultPromise.$anonfun$tryComplete$1(Promise.scala:288)
	at scala.concurrent.impl.Promise$DefaultPromise.$anonfun$tryComplete$1$adapted(Promise.scala:288)
	at scala.concurrent.impl.Promise$DefaultPromise.tryComplete(Promise.scala:288)
	at scala.concurrent.Promise.complete(Promise.scala:53)
	at scala.concurrent.Promise.complete$(Promise.scala:52)
	at scala.concurrent.impl.Promise$DefaultPromise.complete(Promise.scala:187)
	at scala.concurrent.impl.Promise.$anonfun$transformWith$1(Promise.scala:42)
	at scala.concurrent.impl.CallbackRunnable.run(Promise.scala:64)
	at java.base/java.util.concurrent.ThreadPoolExecutor.runWorker(ThreadPoolExecutor.java:1130)
	at java.base/java.util.concurrent.ThreadPoolExecutor$Worker.run(ThreadPoolExecutor.java:630)
	at java.base/java.lang.Thread.run(Thread.java:831)
Caused by: java.lang.ClassNotFoundException: 
	at scala.meta.internal.metals.debug.BuildTargetClassesFinder.$anonfun$findClassAndBuildTarget$1(BuildTargetClassesFinder.scala:107)
	at scala.Option.fold(Option.scala:251)
	at scala.meta.internal.metals.debug.BuildTargetClassesFinder.findClassAndBuildTarget(BuildTargetClassesFinder.scala:108)
	at scala.meta.internal.metals.debug.BuildTargetClassesFinder.findMainClassAndItsBuildTarget(BuildTargetClassesFinder.scala:36)
	at scala.meta.internal.metals.debug.DebugProvider.$anonfun$resolveMainClassParams$1(DebugProvider.scala:355)
	at scala.meta.internal.metals.debug.DebugProvider$$anonfun$withRebuildRetry$1.$anonfun$applyOrElse$5(DebugProvider.scala:584)
	at scala.concurrent.Future.$anonfun$flatMap$1(Future.scala:307)
	at scala.concurrent.impl.Promise.$anonfun$transformWith$1(Promise.scala:41)
	... 4 more

[0m2021.12.24 06:57:03 INFO  no build target: using presentation compiler with only scala-library: 3.1.0[0m
[0m2021.12.24 06:57:06 INFO  time: code lens generation in 8.91s[0m
[0m2021.12.24 06:57:06 INFO  time: code lens generation in 6.09s[0m
[0m2021.12.24 06:57:06 INFO  time: code lens generation in 8.42s[0m
Dec 24, 2021 7:34:39 AM org.eclipse.lsp4j.jsonrpc.services.GenericEndpoint notify
INFO: Unsupported notification method: $/setTrace
Dec 24, 2021 7:34:45 AM org.eclipse.lsp4j.jsonrpc.services.GenericEndpoint notify
INFO: Unsupported notification method: $/setTrace
Dec 24, 2021 7:46:13 AM org.eclipse.lsp4j.jsonrpc.services.GenericEndpoint notify
INFO: Unsupported notification method: $/setTrace
Dec 24, 2021 7:46:41 AM org.eclipse.lsp4j.jsonrpc.services.GenericEndpoint notify
INFO: Unsupported notification method: $/setTrace
[0m2021.12.24 07:50:42 INFO  shutting down Metals[0m
